<?xml version="1.0" encoding="UTF-8"?>
<!-- Generated by org.testng.reporters.JUnitReportReporter -->
<testsuite name="runner.TestRunner" tests="1" time="36.627" ignored="0" failures="0" timestamp="20 Jun 2018 18:53:28 GMT" skipped="0" hostname="Thangaraj" errors="0">
  <testcase name="feature" time="36.627" classname="runner.TestRunner"/>
</testsuite> <!-- runner.TestRunner -->
